<?xml version="1.0" encoding="UTF-8"?>
<testsuite xmlns:xsi="http://www.w3.org/2001/XMLSchema-instance" xsi:noNamespaceSchemaLocation="https://maven.apache.org/surefire/maven-surefire-plugin/xsd/surefire-test-report.xsd" name="store.ProductStoreTest" time="3.679" tests="4" errors="0" skipped="0" failures="0">
  <properties>
    <property name="gopherProxySet" value="false"/>
    <property name="awt.toolkit" value="sun.lwawt.macosx.LWCToolkit"/>
    <property name="java.specification.version" value="11"/>
    <property name="sun.cpu.isalist" value=""/>
    <property name="sun.jnu.encoding" value="UTF-8"/>
    <property name="java.class.path" value="/Users/wilson.tapia/Documents/rappi/projects/product-store-api/target/test-classes:/Users/wilson.tapia/Documents/rappi/projects/product-store-api/target/classes:/Users/wilson.tapia/.m2/repository/com/intuit/karate/karate-junit5/1.0.0/karate-junit5-1.0.0.jar:/Users/wilson.tapia/.m2/repository/com/intuit/karate/karate-core/1.0.0/karate-core-1.0.0.jar:/Users/wilson.tapia/.m2/repository/org/graalvm/js/js-scriptengine/21.0.0/js-scriptengine-21.0.0.jar:/Users/wilson.tapia/.m2/repository/org/graalvm/sdk/graal-sdk/21.0.0/graal-sdk-21.0.0.jar:/Users/wilson.tapia/.m2/repository/org/graalvm/js/js/21.0.0/js-21.0.0.jar:/Users/wilson.tapia/.m2/repository/org/graalvm/regex/regex/21.0.0/regex-21.0.0.jar:/Users/wilson.tapia/.m2/repository/org/graalvm/truffle/truffle-api/21.0.0/truffle-api-21.0.0.jar:/Users/wilson.tapia/.m2/repository/com/ibm/icu/icu4j/67.1/icu4j-67.1.jar:/Users/wilson.tapia/.m2/repository/ch/qos/logback/logback-classic/1.2.3/logback-classic-1.2.3.jar:/Users/wilson.tapia/.m2/repository/ch/qos/logback/logback-core/1.2.3/logback-core-1.2.3.jar:/Users/wilson.tapia/.m2/repository/org/slf4j/slf4j-api/1.7.25/slf4j-api-1.7.25.jar:/Users/wilson.tapia/.m2/repository/org/slf4j/jcl-over-slf4j/1.7.25/jcl-over-slf4j-1.7.25.jar:/Users/wilson.tapia/.m2/repository/com/jayway/jsonpath/json-path/2.5.0/json-path-2.5.0.jar:/Users/wilson.tapia/.m2/repository/net/minidev/json-smart/2.3/json-smart-2.3.jar:/Users/wilson.tapia/.m2/repository/net/minidev/accessors-smart/1.2/accessors-smart-1.2.jar:/Users/wilson.tapia/.m2/repository/org/ow2/asm/asm/5.0.4/asm-5.0.4.jar:/Users/wilson.tapia/.m2/repository/info/cukes/cucumber-java/1.2.5/cucumber-java-1.2.5.jar:/Users/wilson.tapia/.m2/repository/info/cukes/cucumber-core/1.2.5/cucumber-core-1.2.5.jar:/Users/wilson.tapia/.m2/repository/org/yaml/snakeyaml/1.27/snakeyaml-1.27.jar:/Users/wilson.tapia/.m2/repository/de/siegmar/fastcsv/1.0.4/fastcsv-1.0.4.jar:/Users/wilson.tapia/.m2/repository/info/picocli/picocli/4.5.2/picocli-4.5.2.jar:/Users/wilson.tapia/.m2/repository/org/junit/jupiter/junit-jupiter-api/5.7.0/junit-jupiter-api-5.7.0.jar:/Users/wilson.tapia/.m2/repository/org/apiguardian/apiguardian-api/1.1.0/apiguardian-api-1.1.0.jar:/Users/wilson.tapia/.m2/repository/org/opentest4j/opentest4j/1.2.0/opentest4j-1.2.0.jar:/Users/wilson.tapia/.m2/repository/org/junit/platform/junit-platform-commons/1.7.0/junit-platform-commons-1.7.0.jar:/Users/wilson.tapia/.m2/repository/org/junit/jupiter/junit-jupiter-engine/5.7.0/junit-jupiter-engine-5.7.0.jar:/Users/wilson.tapia/.m2/repository/org/junit/platform/junit-platform-engine/1.7.0/junit-platform-engine-1.7.0.jar:"/>
    <property name="java.vm.vendor" value="Amazon.com Inc."/>
    <property name="sun.arch.data.model" value="64"/>
    <property name="java.vendor.url" value="https://aws.amazon.com/corretto/"/>
    <property name="user.timezone" value=""/>
    <property name="java.vm.specification.version" value="11"/>
    <property name="os.name" value="Mac OS X"/>
    <property name="sun.java.launcher" value="SUN_STANDARD"/>
    <property name="user.country" value="419"/>
    <property name="sun.boot.library.path" value="/Users/wilson.tapia/Library/Java/JavaVirtualMachines/corretto-11.0.23-1/Contents/Home/lib"/>
    <property name="sun.java.command" value="/Users/wilson.tapia/Documents/rappi/projects/product-store-api/target/surefire/surefirebooter14607300576164366570.jar /Users/wilson.tapia/Documents/rappi/projects/product-store-api/target/surefire 2024-07-17T20-11-09_810-jvmRun1 surefire16531886148424448518tmp surefire_07045302112486977654tmp"/>
    <property name="http.nonProxyHosts" value="local|*.local|169.254/16|*.169.254/16"/>
    <property name="jdk.debug" value="release"/>
    <property name="surefire.test.class.path" value="/Users/wilson.tapia/Documents/rappi/projects/product-store-api/target/test-classes:/Users/wilson.tapia/Documents/rappi/projects/product-store-api/target/classes:/Users/wilson.tapia/.m2/repository/com/intuit/karate/karate-junit5/1.0.0/karate-junit5-1.0.0.jar:/Users/wilson.tapia/.m2/repository/com/intuit/karate/karate-core/1.0.0/karate-core-1.0.0.jar:/Users/wilson.tapia/.m2/repository/org/graalvm/js/js-scriptengine/21.0.0/js-scriptengine-21.0.0.jar:/Users/wilson.tapia/.m2/repository/org/graalvm/sdk/graal-sdk/21.0.0/graal-sdk-21.0.0.jar:/Users/wilson.tapia/.m2/repository/org/graalvm/js/js/21.0.0/js-21.0.0.jar:/Users/wilson.tapia/.m2/repository/org/graalvm/regex/regex/21.0.0/regex-21.0.0.jar:/Users/wilson.tapia/.m2/repository/org/graalvm/truffle/truffle-api/21.0.0/truffle-api-21.0.0.jar:/Users/wilson.tapia/.m2/repository/com/ibm/icu/icu4j/67.1/icu4j-67.1.jar:/Users/wilson.tapia/.m2/repository/ch/qos/logback/logback-classic/1.2.3/logback-classic-1.2.3.jar:/Users/wilson.tapia/.m2/repository/ch/qos/logback/logback-core/1.2.3/logback-core-1.2.3.jar:/Users/wilson.tapia/.m2/repository/org/slf4j/slf4j-api/1.7.25/slf4j-api-1.7.25.jar:/Users/wilson.tapia/.m2/repository/org/slf4j/jcl-over-slf4j/1.7.25/jcl-over-slf4j-1.7.25.jar:/Users/wilson.tapia/.m2/repository/com/jayway/jsonpath/json-path/2.5.0/json-path-2.5.0.jar:/Users/wilson.tapia/.m2/repository/net/minidev/json-smart/2.3/json-smart-2.3.jar:/Users/wilson.tapia/.m2/repository/net/minidev/accessors-smart/1.2/accessors-smart-1.2.jar:/Users/wilson.tapia/.m2/repository/org/ow2/asm/asm/5.0.4/asm-5.0.4.jar:/Users/wilson.tapia/.m2/repository/info/cukes/cucumber-java/1.2.5/cucumber-java-1.2.5.jar:/Users/wilson.tapia/.m2/repository/info/cukes/cucumber-core/1.2.5/cucumber-core-1.2.5.jar:/Users/wilson.tapia/.m2/repository/org/yaml/snakeyaml/1.27/snakeyaml-1.27.jar:/Users/wilson.tapia/.m2/repository/de/siegmar/fastcsv/1.0.4/fastcsv-1.0.4.jar:/Users/wilson.tapia/.m2/repository/info/picocli/picocli/4.5.2/picocli-4.5.2.jar:/Users/wilson.tapia/.m2/repository/org/junit/jupiter/junit-jupiter-api/5.7.0/junit-jupiter-api-5.7.0.jar:/Users/wilson.tapia/.m2/repository/org/apiguardian/apiguardian-api/1.1.0/apiguardian-api-1.1.0.jar:/Users/wilson.tapia/.m2/repository/org/opentest4j/opentest4j/1.2.0/opentest4j-1.2.0.jar:/Users/wilson.tapia/.m2/repository/org/junit/platform/junit-platform-commons/1.7.0/junit-platform-commons-1.7.0.jar:/Users/wilson.tapia/.m2/repository/org/junit/jupiter/junit-jupiter-engine/5.7.0/junit-jupiter-engine-5.7.0.jar:/Users/wilson.tapia/.m2/repository/org/junit/platform/junit-platform-engine/1.7.0/junit-platform-engine-1.7.0.jar:"/>
    <property name="sun.cpu.endian" value="little"/>
    <property name="user.home" value="/Users/wilson.tapia"/>
    <property name="user.language" value="es"/>
    <property name="java.specification.vendor" value="Oracle Corporation"/>
    <property name="java.version.date" value="2024-04-16"/>
    <property name="java.home" value="/Users/wilson.tapia/Library/Java/JavaVirtualMachines/corretto-11.0.23-1/Contents/Home"/>
    <property name="file.separator" value="/"/>
    <property name="basedir" value="/Users/wilson.tapia/Documents/rappi/projects/product-store-api"/>
    <property name="java.vm.compressedOopsMode" value="Zero based"/>
    <property name="line.separator" value="&#10;"/>
    <property name="java.specification.name" value="Java Platform API Specification"/>
    <property name="java.vm.specification.vendor" value="Oracle Corporation"/>
    <property name="java.awt.graphicsenv" value="sun.awt.CGraphicsEnvironment"/>
    <property name="surefire.real.class.path" value="/Users/wilson.tapia/Documents/rappi/projects/product-store-api/target/surefire/surefirebooter14607300576164366570.jar"/>
    <property name="sun.management.compiler" value="HotSpot 64-Bit Tiered Compilers"/>
    <property name="ftp.nonProxyHosts" value="local|*.local|169.254/16|*.169.254/16"/>
    <property name="java.runtime.version" value="11.0.23+9-LTS"/>
    <property name="user.name" value="wilson.tapia"/>
    <property name="path.separator" value=":"/>
    <property name="os.version" value="14.0"/>
    <property name="java.runtime.name" value="OpenJDK Runtime Environment"/>
    <property name="file.encoding" value="UTF-8"/>
    <property name="java.vm.name" value="OpenJDK 64-Bit Server VM"/>
    <property name="java.vendor.version" value="Corretto-11.0.23.9.1"/>
    <property name="localRepository" value="/Users/wilson.tapia/.m2/repository"/>
    <property name="java.vendor.url.bug" value="https://github.com/corretto/corretto-11/issues/"/>
    <property name="java.io.tmpdir" value="/var/folders/hx/y5xn63ss0xs1ys7w7jk075xh0000gp/T/"/>
    <property name="idea.version" value="2024.1.1"/>
    <property name="java.version" value="11.0.23"/>
    <property name="user.dir" value="/Users/wilson.tapia/Documents/rappi/projects/product-store-api"/>
    <property name="os.arch" value="aarch64"/>
    <property name="java.vm.specification.name" value="Java Virtual Machine Specification"/>
    <property name="java.awt.printerjob" value="sun.lwawt.macosx.CPrinterJob"/>
    <property name="sun.os.patch.level" value="unknown"/>
    <property name="java.library.path" value="/Users/wilson.tapia/Library/Java/Extensions:/Library/Java/Extensions:/Network/Library/Java/Extensions:/System/Library/Java/Extensions:/usr/lib/java:."/>
    <property name="java.vm.info" value="mixed mode"/>
    <property name="java.vendor" value="Amazon.com Inc."/>
    <property name="java.vm.version" value="11.0.23+9-LTS"/>
    <property name="java.specification.maintenance.version" value="2"/>
    <property name="sun.io.unicode.encoding" value="UnicodeBig"/>
    <property name="java.class.version" value="55.0"/>
    <property name="socksNonProxyHosts" value="local|*.local|169.254/16|*.169.254/16"/>
  </properties>
  <testcase name="testAll[1][1]" classname="store.ProductStoreTest" time="1.289"/>
  <testcase name="testAll[1][2]" classname="store.ProductStoreTest" time="0.771"/>
  <testcase name="testAll[2][1]" classname="store.ProductStoreTest" time="0.598"/>
  <testcase name="testAll[2][2]" classname="store.ProductStoreTest" time="0.708"/>
</testsuite>